CMake Error: The current CMakeCache.txt directory /home/alumnos/a0452172/ComputerArchitecture/ca_l6/release/CMakeCache.txt is different than the directory /home/alumnos/a0452172/ComputerArchitecture/lab6/release where CMakeCache.txt was created. This may result in binaries being created in the wrong place. If you are not sure, reedit the CMakeCache.txt
CMake Error: The source "/home/alumnos/a0452172/ComputerArchitecture/ca_l6/CMakeLists.txt" does not match the source "/home/alumnos/a0452172/ComputerArchitecture/lab6/CMakeLists.txt" used to generate cache.  Re-run cmake with a different source directory.
CMake Error: The current CMakeCache.txt directory /home/alumnos/a0452172/ComputerArchitecture/ca_l6/release/CMakeCache.txt is different than the directory /home/alumnos/a0452172/ComputerArchitecture/lab6/release where CMakeCache.txt was created. This may result in binaries being created in the wrong place. If you are not sure, reedit the CMakeCache.txt
CMake Error: The source directory "/home/alumnos/a0452172/ComputerArchitecture/lab6" does not exist.
Specify --help for usage, or press the help button on the CMake GUI.
gmake: *** [Makefile:179: cmake_check_build_system] Error 1
CMake Error: The current CMakeCache.txt directory /home/alumnos/a0452172/ComputerArchitecture/ca_l6/debug/CMakeCache.txt is different than the directory /home/alumnos/a0452172/ComputerArchitecture/lab6/debug where CMakeCache.txt was created. This may result in binaries being created in the wrong place. If you are not sure, reedit the CMakeCache.txt
CMake Error: The source "/home/alumnos/a0452172/ComputerArchitecture/ca_l6/CMakeLists.txt" does not match the source "/home/alumnos/a0452172/ComputerArchitecture/lab6/CMakeLists.txt" used to generate cache.  Re-run cmake with a different source directory.
CMake Error: The current CMakeCache.txt directory /home/alumnos/a0452172/ComputerArchitecture/ca_l6/debug/CMakeCache.txt is different than the directory /home/alumnos/a0452172/ComputerArchitecture/lab6/debug where CMakeCache.txt was created. This may result in binaries being created in the wrong place. If you are not sure, reedit the CMakeCache.txt
CMake Error: The source directory "/home/alumnos/a0452172/ComputerArchitecture/lab6" does not exist.
Specify --help for usage, or press the help button on the CMake GUI.
gmake: *** [Makefile:179: cmake_check_build_system] Error 1
CMake Error: The current CMakeCache.txt directory /home/alumnos/a0452172/ComputerArchitecture/ca_l6/release-tsan/CMakeCache.txt is different than the directory /home/alumnos/a0452172/ComputerArchitecture/lab6/release-tsan where CMakeCache.txt was created. This may result in binaries being created in the wrong place. If you are not sure, reedit the CMakeCache.txt
CMake Error: The source "/home/alumnos/a0452172/ComputerArchitecture/ca_l6/CMakeLists.txt" does not match the source "/home/alumnos/a0452172/ComputerArchitecture/lab6/CMakeLists.txt" used to generate cache.  Re-run cmake with a different source directory.
CMake Error: The current CMakeCache.txt directory /home/alumnos/a0452172/ComputerArchitecture/ca_l6/release-tsan/CMakeCache.txt is different than the directory /home/alumnos/a0452172/ComputerArchitecture/lab6/release-tsan where CMakeCache.txt was created. This may result in binaries being created in the wrong place. If you are not sure, reedit the CMakeCache.txt
CMake Error: The source directory "/home/alumnos/a0452172/ComputerArchitecture/lab6" does not exist.
Specify --help for usage, or press the help button on the CMake GUI.
gmake: *** [Makefile:179: cmake_check_build_system] Error 1
CMake Error: The current CMakeCache.txt directory /home/alumnos/a0452172/ComputerArchitecture/ca_l6/debug-tsan/CMakeCache.txt is different than the directory /home/alumnos/a0452172/ComputerArchitecture/lab6/debug-tsan where CMakeCache.txt was created. This may result in binaries being created in the wrong place. If you are not sure, reedit the CMakeCache.txt
CMake Error: The source "/home/alumnos/a0452172/ComputerArchitecture/ca_l6/CMakeLists.txt" does not match the source "/home/alumnos/a0452172/ComputerArchitecture/lab6/CMakeLists.txt" used to generate cache.  Re-run cmake with a different source directory.
CMake Error: The current CMakeCache.txt directory /home/alumnos/a0452172/ComputerArchitecture/ca_l6/debug-tsan/CMakeCache.txt is different than the directory /home/alumnos/a0452172/ComputerArchitecture/lab6/debug-tsan where CMakeCache.txt was created. This may result in binaries being created in the wrong place. If you are not sure, reedit the CMakeCache.txt
CMake Error: The source directory "/home/alumnos/a0452172/ComputerArchitecture/lab6" does not exist.
Specify --help for usage, or press the help button on the CMake GUI.
gmake: *** [Makefile:179: cmake_check_build_system] Error 1
