-- Configuring done
CMake Error at CMakeLists.txt:10 (add_executable):
  Cannot find source file:

    counter_mutex_for.cpp


CMake Error at CMakeLists.txt:10 (add_executable):
  No SOURCES given to target: counter


CMake Generate step failed.  Build files cannot be regenerated correctly.
Consolidate compiler generated dependencies of target counter
[ 50%] Building CXX object CMakeFiles/counter.dir/counter_mutex_for.cpp.o
cc1plus: error fatal: /home/alumnos/a0452172/ComputerArchitecture/lab6/counter_mutex_for.cpp: No existe el fichero o el directorio
compilaci贸n terminada.
gmake[2]: *** [CMakeFiles/counter.dir/build.make:76: CMakeFiles/counter.dir/counter_mutex_for.cpp.o] Error 1
gmake[1]: *** [CMakeFiles/Makefile2:83: CMakeFiles/counter.dir/all] Error 2
gmake: *** [Makefile:91: all] Error 2
-- Configuring done
CMake Error at CMakeLists.txt:10 (add_executable):
  Cannot find source file:

    counter_mutex_for.cpp


CMake Error at CMakeLists.txt:10 (add_executable):
  No SOURCES given to target: counter


CMake Generate step failed.  Build files cannot be regenerated correctly.
Consolidate compiler generated dependencies of target counter
[ 50%] Building CXX object CMakeFiles/counter.dir/counter_mutex_for.cpp.o
cc1plus: error fatal: /home/alumnos/a0452172/ComputerArchitecture/lab6/counter_mutex_for.cpp: No existe el fichero o el directorio
compilaci贸n terminada.
gmake[2]: *** [CMakeFiles/counter.dir/build.make:76: CMakeFiles/counter.dir/counter_mutex_for.cpp.o] Error 1
gmake[1]: *** [CMakeFiles/Makefile2:83: CMakeFiles/counter.dir/all] Error 2
gmake: *** [Makefile:91: all] Error 2
-- Configuring done
CMake Error at CMakeLists.txt:10 (add_executable):
  Cannot find source file:

    counter_mutex_for.cpp


CMake Error at CMakeLists.txt:10 (add_executable):
  No SOURCES given to target: counter


CMake Generate step failed.  Build files cannot be regenerated correctly.
Consolidate compiler generated dependencies of target counter
[ 50%] Building CXX object CMakeFiles/counter.dir/counter_mutex_for.cpp.o
cc1plus: error fatal: /home/alumnos/a0452172/ComputerArchitecture/lab6/counter_mutex_for.cpp: No existe el fichero o el directorio
compilaci贸n terminada.
gmake[2]: *** [CMakeFiles/counter.dir/build.make:76: CMakeFiles/counter.dir/counter_mutex_for.cpp.o] Error 1
gmake[1]: *** [CMakeFiles/Makefile2:83: CMakeFiles/counter.dir/all] Error 2
gmake: *** [Makefile:91: all] Error 2
-- Configuring done
CMake Error at CMakeLists.txt:10 (add_executable):
  Cannot find source file:

    counter_mutex_for.cpp


CMake Error at CMakeLists.txt:10 (add_executable):
  No SOURCES given to target: counter


CMake Generate step failed.  Build files cannot be regenerated correctly.
Consolidate compiler generated dependencies of target counter
[ 50%] Building CXX object CMakeFiles/counter.dir/counter_mutex_for.cpp.o
cc1plus: error fatal: /home/alumnos/a0452172/ComputerArchitecture/lab6/counter_mutex_for.cpp: No existe el fichero o el directorio
compilaci贸n terminada.
gmake[2]: *** [CMakeFiles/counter.dir/build.make:76: CMakeFiles/counter.dir/counter_mutex_for.cpp.o] Error 1
gmake[1]: *** [CMakeFiles/Makefile2:83: CMakeFiles/counter.dir/all] Error 2
gmake: *** [Makefile:91: all] Error 2
