Performing C SOURCE FILE Test CMAKE_HAVE_LIBC_PTHREAD failed with the following output:
Change Dir: /home/alumnos/a0452172/ComputerArchitecture/lab6/debug/CMakeFiles/CMakeTmp

Run Build Command(s):/usr/bin/gmake -f Makefile cmTC_7167c/fast && /usr/bin/gmake  -f CMakeFiles/cmTC_7167c.dir/build.make CMakeFiles/cmTC_7167c.dir/build
gmake[1]: se entra en el directorio '/home/alumnos/a0452172/ComputerArchitecture/lab6/debug/CMakeFiles/CMakeTmp'
Building C object CMakeFiles/cmTC_7167c.dir/src.c.o
/usr/bin/cc -DCMAKE_HAVE_LIBC_PTHREAD   -o CMakeFiles/cmTC_7167c.dir/src.c.o -c /home/alumnos/a0452172/ComputerArchitecture/lab6/debug/CMakeFiles/CMakeTmp/src.c
Linking C executable cmTC_7167c
/usr/bin/cmake -E cmake_link_script CMakeFiles/cmTC_7167c.dir/link.txt --verbose=1
/usr/bin/cc CMakeFiles/cmTC_7167c.dir/src.c.o -o cmTC_7167c 
/usr/bin/ld: CMakeFiles/cmTC_7167c.dir/src.c.o: en la función `main':
src.c:(.text+0x2f): referencia a `pthread_create' sin definir
/usr/bin/ld: src.c:(.text+0x3b): referencia a `pthread_detach' sin definir
/usr/bin/ld: src.c:(.text+0x47): referencia a `pthread_cancel' sin definir
/usr/bin/ld: src.c:(.text+0x58): referencia a `pthread_join' sin definir
collect2: error: ld returned 1 exit status
gmake[1]: *** [CMakeFiles/cmTC_7167c.dir/build.make:99: cmTC_7167c] Error 1
gmake[1]: se sale del directorio '/home/alumnos/a0452172/ComputerArchitecture/lab6/debug/CMakeFiles/CMakeTmp'
gmake: *** [Makefile:127: cmTC_7167c/fast] Error 2


Source file was:
#include <pthread.h>

static void* test_func(void* data)
{
  return data;
}

int main(void)
{
  pthread_t thread;
  pthread_create(&thread, NULL, test_func, NULL);
  pthread_detach(thread);
  pthread_cancel(thread);
  pthread_join(thread, NULL);
  pthread_atfork(NULL, NULL, NULL);
  pthread_exit(NULL);

  return 0;
}

Determining if the function pthread_create exists in the pthreads failed with the following output:
Change Dir: /home/alumnos/a0452172/ComputerArchitecture/lab6/debug/CMakeFiles/CMakeTmp

Run Build Command(s):/usr/bin/gmake -f Makefile cmTC_5ec70/fast && /usr/bin/gmake  -f CMakeFiles/cmTC_5ec70.dir/build.make CMakeFiles/cmTC_5ec70.dir/build
gmake[1]: se entra en el directorio '/home/alumnos/a0452172/ComputerArchitecture/lab6/debug/CMakeFiles/CMakeTmp'
Building C object CMakeFiles/cmTC_5ec70.dir/CheckFunctionExists.c.o
/usr/bin/cc   -DCHECK_FUNCTION_EXISTS=pthread_create -o CMakeFiles/cmTC_5ec70.dir/CheckFunctionExists.c.o -c /usr/share/cmake-3.24/Modules/CheckFunctionExists.c
Linking C executable cmTC_5ec70
/usr/bin/cmake -E cmake_link_script CMakeFiles/cmTC_5ec70.dir/link.txt --verbose=1
/usr/bin/cc  -DCHECK_FUNCTION_EXISTS=pthread_create CMakeFiles/cmTC_5ec70.dir/CheckFunctionExists.c.o -o cmTC_5ec70  -lpthreads 
/usr/bin/ld: no se puede encontrar -lpthreads
collect2: error: ld returned 1 exit status
gmake[1]: *** [CMakeFiles/cmTC_5ec70.dir/build.make:99: cmTC_5ec70] Error 1
gmake[1]: se sale del directorio '/home/alumnos/a0452172/ComputerArchitecture/lab6/debug/CMakeFiles/CMakeTmp'
gmake: *** [Makefile:127: cmTC_5ec70/fast] Error 2



